e:\projects\xedi_ongoing_project\fiveteen_head_uploaded\directxtkfeb13\bin\desktop_2012\win32\release\directxtk.pch
e:\projects\xedi_ongoing_project\fiveteen_head_uploaded\directxtkfeb13\bin\desktop_2012\win32\release\directxtk.pdb
e:\projects\xedi_ongoing_project\fiveteen_head_uploaded\directxtkfeb13\bin\desktop_2012\win32\release\pch.obj
e:\projects\xedi_ongoing_project\fiveteen_head_uploaded\directxtkfeb13\bin\desktop_2012\win32\release\wictextureloader.obj
e:\projects\xedi_ongoing_project\fiveteen_head_uploaded\directxtkfeb13\bin\desktop_2012\win32\release\vertextypes.obj
e:\projects\xedi_ongoing_project\fiveteen_head_uploaded\directxtkfeb13\bin\desktop_2012\win32\release\spritefont.obj
e:\projects\xedi_ongoing_project\fiveteen_head_uploaded\directxtkfeb13\bin\desktop_2012\win32\release\primitivebatch.obj
e:\projects\xedi_ongoing_project\fiveteen_head_uploaded\directxtkfeb13\bin\desktop_2012\win32\release\spritebatch.obj
e:\projects\xedi_ongoing_project\fiveteen_head_uploaded\directxtkfeb13\bin\desktop_2012\win32\release\skinnedeffect.obj
e:\projects\xedi_ongoing_project\fiveteen_head_uploaded\directxtkfeb13\bin\desktop_2012\win32\release\screengrab.obj
e:\projects\xedi_ongoing_project\fiveteen_head_uploaded\directxtkfeb13\bin\desktop_2012\win32\release\modelloadsdkmesh.obj
e:\projects\xedi_ongoing_project\fiveteen_head_uploaded\directxtkfeb13\bin\desktop_2012\win32\release\modelloadcmo.obj
e:\projects\xedi_ongoing_project\fiveteen_head_uploaded\directxtkfeb13\bin\desktop_2012\win32\release\model.obj
e:\projects\xedi_ongoing_project\fiveteen_head_uploaded\directxtkfeb13\bin\desktop_2012\win32\release\geometricprimitive.obj
e:\projects\xedi_ongoing_project\fiveteen_head_uploaded\directxtkfeb13\bin\desktop_2012\win32\release\environmentmapeffect.obj
e:\projects\xedi_ongoing_project\fiveteen_head_uploaded\directxtkfeb13\bin\desktop_2012\win32\release\effectfactory.obj
e:\projects\xedi_ongoing_project\fiveteen_head_uploaded\directxtkfeb13\bin\desktop_2012\win32\release\effectcommon.obj
e:\projects\xedi_ongoing_project\fiveteen_head_uploaded\directxtkfeb13\bin\desktop_2012\win32\release\binaryreader.obj
e:\projects\xedi_ongoing_project\fiveteen_head_uploaded\directxtkfeb13\bin\desktop_2012\win32\release\dualtextureeffect.obj
e:\projects\xedi_ongoing_project\fiveteen_head_uploaded\directxtkfeb13\bin\desktop_2012\win32\release\ddstextureloader.obj
e:\projects\xedi_ongoing_project\fiveteen_head_uploaded\directxtkfeb13\bin\desktop_2012\win32\release\commonstates.obj
e:\projects\xedi_ongoing_project\fiveteen_head_uploaded\directxtkfeb13\bin\desktop_2012\win32\release\basiceffect.obj
e:\projects\xedi_ongoing_project\fiveteen_head_uploaded\directxtkfeb13\bin\desktop_2012\win32\release\alphatesteffect.obj
e:\projects\xedi_ongoing_project\fiveteen_head_uploaded\game\release\directxtk.lib
e:\projects\xedi_ongoing_project\fiveteen_head_uploaded\directxtkfeb13\bin\desktop_2012\win32\release\directxt.e0b52ae7.tlog\cl.command.1.tlog
e:\projects\xedi_ongoing_project\fiveteen_head_uploaded\directxtkfeb13\bin\desktop_2012\win32\release\directxt.e0b52ae7.tlog\cl.read.1.tlog
e:\projects\xedi_ongoing_project\fiveteen_head_uploaded\directxtkfeb13\bin\desktop_2012\win32\release\directxt.e0b52ae7.tlog\cl.write.1.tlog
e:\projects\xedi_ongoing_project\fiveteen_head_uploaded\directxtkfeb13\bin\desktop_2012\win32\release\directxt.e0b52ae7.tlog\lib-link.read.1.tlog
e:\projects\xedi_ongoing_project\fiveteen_head_uploaded\directxtkfeb13\bin\desktop_2012\win32\release\directxt.e0b52ae7.tlog\lib-link.write.1.tlog
e:\projects\xedi_ongoing_project\fiveteen_head_uploaded\directxtkfeb13\bin\desktop_2012\win32\release\directxt.e0b52ae7.tlog\lib.command.1.tlog
