e:\projects\xedi_ongoing_project\fiveteen_head_uploaded\game\release\vc120.pdb
e:\projects\xedi_ongoing_project\fiveteen_head_uploaded\game\release\xdsprite.obj
e:\projects\xedi_ongoing_project\fiveteen_head_uploaded\game\release\xdgamerenderer.obj
e:\projects\xedi_ongoing_project\fiveteen_head_uploaded\game\release\xdgame.obj
e:\projects\xedi_ongoing_project\fiveteen_head_uploaded\game\release\xdanimobject.obj
e:\projects\xedi_ongoing_project\fiveteen_head_uploaded\game\release\xdstatemenu.obj
e:\projects\xedi_ongoing_project\fiveteen_head_uploaded\game\release\xdstateloading.obj
e:\projects\xedi_ongoing_project\fiveteen_head_uploaded\game\release\xdspriteloader.obj
e:\projects\xedi_ongoing_project\fiveteen_head_uploaded\game\release\xdfiveteenbox.obj
e:\projects\xedi_ongoing_project\fiveteen_head_uploaded\game\release\xdmainapp.obj
e:\projects\xedi_ongoing_project\fiveteen_head_uploaded\game\release\xdguimanager.obj
e:\projects\xedi_ongoing_project\fiveteen_head_uploaded\game\release\xdfuncutils.obj
e:\projects\xedi_ongoing_project\fiveteen_head_uploaded\game\release\xdfilesystem.obj
e:\projects\xedi_ongoing_project\fiveteen_head_uploaded\game\release\xdcreatestate.obj
e:\projects\xedi_ongoing_project\fiveteen_head_uploaded\game\release\pch.obj
e:\projects\xedi_ongoing_project\fiveteen_head_uploaded\game\release\xdbutton.obj
e:\projects\xedi_ongoing_project\fiveteen_head - copy\game\bin\pixelshader.cso
e:\projects\xedi_ongoing_project\fiveteen_head - copy\game\bin\vertexshader.cso
e:\projects\xedi_ongoing_project\fiveteen_head_uploaded\game\bin\pixelshader.cso
e:\projects\xedi_ongoing_project\fiveteen_head_uploaded\game\bin\vertexshader.cso
e:\projects\xedi_ongoing_project\fiveteen_head_uploaded\game\bin\xd_fiveteen_game_release.exe
e:\projects\xedi_ongoing_project\fiveteen_head_uploaded\game\bin\xd_fiveteen_game_release.pdb
e:\projects\xedi_ongoing_project\fiveteen_head_uploaded\game\release\xd_fiveteen_game.tlog\cl.command.1.tlog
e:\projects\xedi_ongoing_project\fiveteen_head_uploaded\game\release\xd_fiveteen_game.tlog\cl.read.1.tlog
e:\projects\xedi_ongoing_project\fiveteen_head_uploaded\game\release\xd_fiveteen_game.tlog\cl.write.1.tlog
e:\projects\xedi_ongoing_project\fiveteen_head_uploaded\game\release\xd_fiveteen_game.tlog\fxc.command.1.tlog
e:\projects\xedi_ongoing_project\fiveteen_head_uploaded\game\release\xd_fiveteen_game.tlog\fxc.read.1.tlog
e:\projects\xedi_ongoing_project\fiveteen_head_uploaded\game\release\xd_fiveteen_game.tlog\fxc.write.1.tlog
e:\projects\xedi_ongoing_project\fiveteen_head_uploaded\game\release\xd_fiveteen_game.tlog\link.command.1.tlog
e:\projects\xedi_ongoing_project\fiveteen_head_uploaded\game\release\xd_fiveteen_game.tlog\link.read.1.tlog
e:\projects\xedi_ongoing_project\fiveteen_head_uploaded\game\release\xd_fiveteen_game.tlog\link.write.1.tlog
e:\projects\xedi_ongoing_project\fiveteen_head_uploaded\game\release\xd_fiveteen_game.tlog\xd_fiveteen_game.write.1u.tlog
