e:\projects\xedi_ongoing_project\fiveteen_head - copy\directxtkfeb13\bin\desktop_2012\win32\debug\directxtk.pdb
e:\projects\xedi_ongoing_project\fiveteen_head_uploaded\directxtkfeb13\bin\desktop_2012\win32\debug\directxtk.pch
e:\projects\xedi_ongoing_project\fiveteen_head_uploaded\directxtkfeb13\bin\desktop_2012\win32\debug\directxtk.pdb
e:\projects\xedi_ongoing_project\fiveteen_head_uploaded\directxtkfeb13\bin\desktop_2012\win32\debug\directxtk.idb
e:\projects\xedi_ongoing_project\fiveteen_head_uploaded\directxtkfeb13\bin\desktop_2012\win32\debug\pch.obj
e:\projects\xedi_ongoing_project\fiveteen_head_uploaded\directxtkfeb13\bin\desktop_2012\win32\debug\alphatesteffect.obj
e:\projects\xedi_ongoing_project\fiveteen_head_uploaded\directxtkfeb13\bin\desktop_2012\win32\debug\basiceffect.obj
e:\projects\xedi_ongoing_project\fiveteen_head_uploaded\directxtkfeb13\bin\desktop_2012\win32\debug\commonstates.obj
e:\projects\xedi_ongoing_project\fiveteen_head_uploaded\directxtkfeb13\bin\desktop_2012\win32\debug\ddstextureloader.obj
e:\projects\xedi_ongoing_project\fiveteen_head_uploaded\directxtkfeb13\bin\desktop_2012\win32\debug\dualtextureeffect.obj
e:\projects\xedi_ongoing_project\fiveteen_head_uploaded\directxtkfeb13\bin\desktop_2012\win32\debug\binaryreader.obj
e:\projects\xedi_ongoing_project\fiveteen_head_uploaded\directxtkfeb13\bin\desktop_2012\win32\debug\effectcommon.obj
e:\projects\xedi_ongoing_project\fiveteen_head_uploaded\directxtkfeb13\bin\desktop_2012\win32\debug\effectfactory.obj
e:\projects\xedi_ongoing_project\fiveteen_head_uploaded\directxtkfeb13\bin\desktop_2012\win32\debug\environmentmapeffect.obj
e:\projects\xedi_ongoing_project\fiveteen_head_uploaded\directxtkfeb13\bin\desktop_2012\win32\debug\geometricprimitive.obj
e:\projects\xedi_ongoing_project\fiveteen_head_uploaded\directxtkfeb13\bin\desktop_2012\win32\debug\model.obj
e:\projects\xedi_ongoing_project\fiveteen_head_uploaded\directxtkfeb13\bin\desktop_2012\win32\debug\modelloadcmo.obj
e:\projects\xedi_ongoing_project\fiveteen_head_uploaded\directxtkfeb13\bin\desktop_2012\win32\debug\modelloadsdkmesh.obj
e:\projects\xedi_ongoing_project\fiveteen_head_uploaded\directxtkfeb13\bin\desktop_2012\win32\debug\screengrab.obj
e:\projects\xedi_ongoing_project\fiveteen_head_uploaded\directxtkfeb13\bin\desktop_2012\win32\debug\skinnedeffect.obj
e:\projects\xedi_ongoing_project\fiveteen_head_uploaded\directxtkfeb13\bin\desktop_2012\win32\debug\spritebatch.obj
e:\projects\xedi_ongoing_project\fiveteen_head_uploaded\directxtkfeb13\bin\desktop_2012\win32\debug\primitivebatch.obj
e:\projects\xedi_ongoing_project\fiveteen_head_uploaded\directxtkfeb13\bin\desktop_2012\win32\debug\spritefont.obj
e:\projects\xedi_ongoing_project\fiveteen_head_uploaded\directxtkfeb13\bin\desktop_2012\win32\debug\vertextypes.obj
e:\projects\xedi_ongoing_project\fiveteen_head_uploaded\directxtkfeb13\bin\desktop_2012\win32\debug\wictextureloader.obj
e:\projects\xedi_ongoing_project\fiveteen_head - copy\game\debug\directxtk.lib
e:\projects\xedi_ongoing_project\fiveteen_head_uploaded\game\debug\directxtk.lib
e:\projects\xedi_ongoing_project\fiveteen_head_uploaded\directxtkfeb13\bin\desktop_2012\win32\debug\directxt.e0b52ae7.tlog\cl.command.1.tlog
e:\projects\xedi_ongoing_project\fiveteen_head_uploaded\directxtkfeb13\bin\desktop_2012\win32\debug\directxt.e0b52ae7.tlog\cl.read.1.tlog
e:\projects\xedi_ongoing_project\fiveteen_head_uploaded\directxtkfeb13\bin\desktop_2012\win32\debug\directxt.e0b52ae7.tlog\cl.write.1.tlog
e:\projects\xedi_ongoing_project\fiveteen_head_uploaded\directxtkfeb13\bin\desktop_2012\win32\debug\directxt.e0b52ae7.tlog\lib-link.read.1.tlog
e:\projects\xedi_ongoing_project\fiveteen_head_uploaded\directxtkfeb13\bin\desktop_2012\win32\debug\directxt.e0b52ae7.tlog\lib-link.write.1.tlog
e:\projects\xedi_ongoing_project\fiveteen_head_uploaded\directxtkfeb13\bin\desktop_2012\win32\debug\directxt.e0b52ae7.tlog\lib.command.1.tlog
