e:\projects\xedi_ongoing_project\fiveteen_head - copy\game\debug\box2d.pdb
e:\projects\xedi_ongoing_project\fiveteen_head_uploaded\game\debug\box2d.pdb
e:\projects\xedi_ongoing_project\fiveteen_head_uploaded\game\debug\box2d.idb
e:\projects\xedi_ongoing_project\fiveteen_head_uploaded\box2d_v2.2.1\build\vs2010\obj\x32\debug\box2d\b2chainandpolygoncontact.obj
e:\projects\xedi_ongoing_project\fiveteen_head_uploaded\box2d_v2.2.1\build\vs2010\obj\x32\debug\box2d\b2circlecontact.obj
e:\projects\xedi_ongoing_project\fiveteen_head_uploaded\box2d_v2.2.1\build\vs2010\obj\x32\debug\box2d\b2contact.obj
e:\projects\xedi_ongoing_project\fiveteen_head_uploaded\box2d_v2.2.1\build\vs2010\obj\x32\debug\box2d\b2contactsolver.obj
e:\projects\xedi_ongoing_project\fiveteen_head_uploaded\box2d_v2.2.1\build\vs2010\obj\x32\debug\box2d\b2edgeandcirclecontact.obj
e:\projects\xedi_ongoing_project\fiveteen_head_uploaded\box2d_v2.2.1\build\vs2010\obj\x32\debug\box2d\b2edgeandpolygoncontact.obj
e:\projects\xedi_ongoing_project\fiveteen_head_uploaded\box2d_v2.2.1\build\vs2010\obj\x32\debug\box2d\b2polygonandcirclecontact.obj
e:\projects\xedi_ongoing_project\fiveteen_head_uploaded\box2d_v2.2.1\build\vs2010\obj\x32\debug\box2d\b2polygoncontact.obj
e:\projects\xedi_ongoing_project\fiveteen_head_uploaded\box2d_v2.2.1\build\vs2010\obj\x32\debug\box2d\b2distancejoint.obj
e:\projects\xedi_ongoing_project\fiveteen_head_uploaded\box2d_v2.2.1\build\vs2010\obj\x32\debug\box2d\b2frictionjoint.obj
e:\projects\xedi_ongoing_project\fiveteen_head_uploaded\box2d_v2.2.1\build\vs2010\obj\x32\debug\box2d\b2gearjoint.obj
e:\projects\xedi_ongoing_project\fiveteen_head_uploaded\box2d_v2.2.1\build\vs2010\obj\x32\debug\box2d\b2joint.obj
e:\projects\xedi_ongoing_project\fiveteen_head_uploaded\box2d_v2.2.1\build\vs2010\obj\x32\debug\box2d\b2mousejoint.obj
e:\projects\xedi_ongoing_project\fiveteen_head_uploaded\box2d_v2.2.1\build\vs2010\obj\x32\debug\box2d\b2prismaticjoint.obj
e:\projects\xedi_ongoing_project\fiveteen_head_uploaded\box2d_v2.2.1\build\vs2010\obj\x32\debug\box2d\b2pulleyjoint.obj
e:\projects\xedi_ongoing_project\fiveteen_head_uploaded\box2d_v2.2.1\build\vs2010\obj\x32\debug\box2d\b2revolutejoint.obj
e:\projects\xedi_ongoing_project\fiveteen_head_uploaded\box2d_v2.2.1\build\vs2010\obj\x32\debug\box2d\b2ropejoint.obj
e:\projects\xedi_ongoing_project\fiveteen_head_uploaded\box2d_v2.2.1\build\vs2010\obj\x32\debug\box2d\b2weldjoint.obj
e:\projects\xedi_ongoing_project\fiveteen_head_uploaded\box2d_v2.2.1\build\vs2010\obj\x32\debug\box2d\b2wheeljoint.obj
e:\projects\xedi_ongoing_project\fiveteen_head_uploaded\box2d_v2.2.1\build\vs2010\obj\x32\debug\box2d\b2rope.obj
e:\projects\xedi_ongoing_project\fiveteen_head_uploaded\box2d_v2.2.1\build\vs2010\obj\x32\debug\box2d\b2distance.obj
e:\projects\xedi_ongoing_project\fiveteen_head_uploaded\box2d_v2.2.1\build\vs2010\obj\x32\debug\box2d\b2dynamictree.obj
e:\projects\xedi_ongoing_project\fiveteen_head_uploaded\box2d_v2.2.1\build\vs2010\obj\x32\debug\box2d\b2timeofimpact.obj
e:\projects\xedi_ongoing_project\fiveteen_head_uploaded\box2d_v2.2.1\build\vs2010\obj\x32\debug\box2d\b2chainshape.obj
e:\projects\xedi_ongoing_project\fiveteen_head_uploaded\box2d_v2.2.1\build\vs2010\obj\x32\debug\box2d\b2circleshape.obj
e:\projects\xedi_ongoing_project\fiveteen_head_uploaded\box2d_v2.2.1\build\vs2010\obj\x32\debug\box2d\b2edgeshape.obj
e:\projects\xedi_ongoing_project\fiveteen_head_uploaded\box2d_v2.2.1\build\vs2010\obj\x32\debug\box2d\b2polygonshape.obj
e:\projects\xedi_ongoing_project\fiveteen_head_uploaded\box2d_v2.2.1\build\vs2010\obj\x32\debug\box2d\b2blockallocator.obj
e:\projects\xedi_ongoing_project\fiveteen_head_uploaded\box2d_v2.2.1\build\vs2010\obj\x32\debug\box2d\b2draw.obj
e:\projects\xedi_ongoing_project\fiveteen_head_uploaded\box2d_v2.2.1\build\vs2010\obj\x32\debug\box2d\b2math.obj
e:\projects\xedi_ongoing_project\fiveteen_head_uploaded\box2d_v2.2.1\build\vs2010\obj\x32\debug\box2d\b2settings.obj
e:\projects\xedi_ongoing_project\fiveteen_head_uploaded\box2d_v2.2.1\build\vs2010\obj\x32\debug\box2d\b2stackallocator.obj
e:\projects\xedi_ongoing_project\fiveteen_head_uploaded\box2d_v2.2.1\build\vs2010\obj\x32\debug\box2d\b2timer.obj
e:\projects\xedi_ongoing_project\fiveteen_head_uploaded\box2d_v2.2.1\build\vs2010\obj\x32\debug\box2d\b2body.obj
e:\projects\xedi_ongoing_project\fiveteen_head_uploaded\box2d_v2.2.1\build\vs2010\obj\x32\debug\box2d\b2contactmanager.obj
e:\projects\xedi_ongoing_project\fiveteen_head_uploaded\box2d_v2.2.1\build\vs2010\obj\x32\debug\box2d\b2fixture.obj
e:\projects\xedi_ongoing_project\fiveteen_head_uploaded\box2d_v2.2.1\build\vs2010\obj\x32\debug\box2d\b2island.obj
e:\projects\xedi_ongoing_project\fiveteen_head_uploaded\box2d_v2.2.1\build\vs2010\obj\x32\debug\box2d\b2world.obj
e:\projects\xedi_ongoing_project\fiveteen_head_uploaded\box2d_v2.2.1\build\vs2010\obj\x32\debug\box2d\b2worldcallbacks.obj
e:\projects\xedi_ongoing_project\fiveteen_head_uploaded\box2d_v2.2.1\build\vs2010\obj\x32\debug\box2d\b2chainandcirclecontact.obj
e:\projects\xedi_ongoing_project\fiveteen_head_uploaded\box2d_v2.2.1\build\vs2010\obj\x32\debug\box2d\b2broadphase.obj
e:\projects\xedi_ongoing_project\fiveteen_head_uploaded\box2d_v2.2.1\build\vs2010\obj\x32\debug\box2d\b2collidecircle.obj
e:\projects\xedi_ongoing_project\fiveteen_head_uploaded\box2d_v2.2.1\build\vs2010\obj\x32\debug\box2d\b2collideedge.obj
e:\projects\xedi_ongoing_project\fiveteen_head_uploaded\box2d_v2.2.1\build\vs2010\obj\x32\debug\box2d\b2collidepolygon.obj
e:\projects\xedi_ongoing_project\fiveteen_head_uploaded\box2d_v2.2.1\build\vs2010\obj\x32\debug\box2d\b2collision.obj
e:\projects\xedi_ongoing_project\fiveteen_head - copy\game\debug\box2d.lib
e:\projects\xedi_ongoing_project\fiveteen_head_uploaded\game\debug\box2d.lib
e:\projects\xedi_ongoing_project\fiveteen_head_uploaded\box2d_v2.2.1\build\vs2010\obj\x32\debug\box2d\box2d.tlog\cl.command.1.tlog
e:\projects\xedi_ongoing_project\fiveteen_head_uploaded\box2d_v2.2.1\build\vs2010\obj\x32\debug\box2d\box2d.tlog\cl.read.1.tlog
e:\projects\xedi_ongoing_project\fiveteen_head_uploaded\box2d_v2.2.1\build\vs2010\obj\x32\debug\box2d\box2d.tlog\cl.write.1.tlog
e:\projects\xedi_ongoing_project\fiveteen_head_uploaded\box2d_v2.2.1\build\vs2010\obj\x32\debug\box2d\box2d.tlog\lib-link.read.1.tlog
e:\projects\xedi_ongoing_project\fiveteen_head_uploaded\box2d_v2.2.1\build\vs2010\obj\x32\debug\box2d\box2d.tlog\lib-link.write.1.tlog
e:\projects\xedi_ongoing_project\fiveteen_head_uploaded\box2d_v2.2.1\build\vs2010\obj\x32\debug\box2d\box2d.tlog\lib.command.1.tlog
